<?xml version="1.0" encoding="UTF-8"?>
<!-- Generated by org.testng.reporters.JUnitXMLReporter -->
<testsuite ignored="0" hostname="LAPTOP-6AD6A1J0" failures="0" tests="4" name="Test" time="0.821" errors="0" timestamp="20 Jul 2020 12:03:54 GMT">
  <testcase classname="runner.RunCuke" name="scenario" time="0.22"/>
  <testcase classname="runner.RunCuke" name="scenario" time="0.003"/>
  <testcase classname="runner.RunCuke" name="scenario" time="0.004"/>
  <testcase classname="runner.RunCuke" name="scenario" time="0.005"/>
</testsuite> <!-- Test -->
