<?xml version="1.0" encoding="UTF-8"?>
<testng-results ignored="0" total="2" passed="2" failed="0" skipped="0">
  <reporter-output>
  </reporter-output>
  <suite started-at="2020-07-21T11:43:13Z" name="Suite" finished-at="2020-07-21T11:43:32Z" duration-ms="19539">
    <groups>
      <group name="Cucumber">
        <method signature="RunCuke.scenario(io.cucumber.testng.PickleEventWrapper, io.cucumber.testng.CucumberFeatureWrapper)[pri:0, instance:runner.RunCuke@57ad2aa7]" name="scenario" class="runner.RunCuke"/>
      </group> <!-- Cucumber -->
    </groups>
    <test started-at="2020-07-21T11:43:13Z" name="Test" finished-at="2020-07-21T11:43:32Z" duration-ms="19539">
      <class name="runner.RunCuke">
        <test-method is-config="true" signature="setUpClass()[pri:0, instance:runner.RunCuke@57ad2aa7]" started-at="2020-07-21T11:43:13Z" name="setUpClass" finished-at="2020-07-21T11:43:13Z" duration-ms="103" status="PASS">
          <reporter-output>
          </reporter-output>
        </test-method> <!-- setUpClass -->
        <test-method signature="scenario(io.cucumber.testng.PickleEventWrapper, io.cucumber.testng.CucumberFeatureWrapper)[pri:0, instance:runner.RunCuke@57ad2aa7]" started-at="2020-07-21T11:43:13Z" name="scenario" description="Runs Cucumber Feature" data-provider="scenarios" finished-at="2020-07-21T11:43:22Z" duration-ms="9278" status="PASS">
          <params>
            <param index="0">
              <value>
                <![CDATA["In order to verify login to facebook as validuser1 user"]]>
              </value>
            </param>
            <param index="1">
              <value>
                <![CDATA["Login"]]>
              </value>
            </param>
          </params>
          <reporter-output>
          </reporter-output>
        </test-method> <!-- scenario -->
        <test-method signature="scenario(io.cucumber.testng.PickleEventWrapper, io.cucumber.testng.CucumberFeatureWrapper)[pri:0, instance:runner.RunCuke@57ad2aa7]" started-at="2020-07-21T11:43:22Z" name="scenario" description="Runs Cucumber Feature" data-provider="scenarios" finished-at="2020-07-21T11:43:32Z" duration-ms="9920" status="PASS">
          <params>
            <param index="0">
              <value>
                <![CDATA["In order to verify login to facebook as invaliduser1 user"]]>
              </value>
            </param>
            <param index="1">
              <value>
                <![CDATA["Login"]]>
              </value>
            </param>
          </params>
          <reporter-output>
          </reporter-output>
        </test-method> <!-- scenario -->
        <test-method is-config="true" signature="tearDownClass()[pri:0, instance:runner.RunCuke@57ad2aa7]" started-at="2020-07-21T11:43:32Z" name="tearDownClass" finished-at="2020-07-21T11:43:32Z" duration-ms="12" status="PASS">
          <reporter-output>
          </reporter-output>
        </test-method> <!-- tearDownClass -->
      </class> <!-- runner.RunCuke -->
    </test> <!-- Test -->
  </suite> <!-- Suite -->
</testng-results>
