<?xml version="1.0" encoding="UTF-8"?>
<testng-results ignored="0" total="4" passed="4" failed="0" skipped="0">
  <reporter-output>
  </reporter-output>
  <suite started-at="2020-07-20T12:03:53Z" name="Suite" finished-at="2020-07-20T12:03:54Z" duration-ms="821">
    <groups>
      <group name="Cucumber">
        <method signature="RunCuke.scenario(io.cucumber.testng.PickleEventWrapper, io.cucumber.testng.CucumberFeatureWrapper)[pri:0, instance:runner.RunCuke@58594a11]" name="scenario" class="runner.RunCuke"/>
      </group> <!-- Cucumber -->
    </groups>
    <test started-at="2020-07-20T12:03:53Z" name="Test" finished-at="2020-07-20T12:03:54Z" duration-ms="821">
      <class name="runner.RunCuke">
        <test-method is-config="true" signature="setUpClass()[pri:0, instance:runner.RunCuke@58594a11]" started-at="2020-07-20T12:03:53Z" name="setUpClass" finished-at="2020-07-20T12:03:53Z" duration-ms="223" status="PASS">
          <reporter-output>
          </reporter-output>
        </test-method> <!-- setUpClass -->
        <test-method signature="scenario(io.cucumber.testng.PickleEventWrapper, io.cucumber.testng.CucumberFeatureWrapper)[pri:0, instance:runner.RunCuke@58594a11]" started-at="2020-07-20T12:03:53Z" name="scenario" description="Runs Cucumber Feature" data-provider="scenarios" finished-at="2020-07-20T12:03:53Z" duration-ms="220" status="PASS">
          <params>
            <param index="0">
              <value>
                <![CDATA["In order to verify login to facebook as "valid" user"]]>
              </value>
            </param>
            <param index="1">
              <value>
                <![CDATA["Login"]]>
              </value>
            </param>
          </params>
          <reporter-output>
          </reporter-output>
        </test-method> <!-- scenario -->
        <test-method signature="scenario(io.cucumber.testng.PickleEventWrapper, io.cucumber.testng.CucumberFeatureWrapper)[pri:0, instance:runner.RunCuke@58594a11]" started-at="2020-07-20T12:03:53Z" name="scenario" description="Runs Cucumber Feature" data-provider="scenarios" finished-at="2020-07-20T12:03:53Z" duration-ms="3" status="PASS">
          <params>
            <param index="0">
              <value>
                <![CDATA["In order to verify login to facebook as "invalid" user"]]>
              </value>
            </param>
            <param index="1">
              <value>
                <![CDATA["Login"]]>
              </value>
            </param>
          </params>
          <reporter-output>
          </reporter-output>
        </test-method> <!-- scenario -->
        <test-method signature="scenario(io.cucumber.testng.PickleEventWrapper, io.cucumber.testng.CucumberFeatureWrapper)[pri:0, instance:runner.RunCuke@58594a11]" started-at="2020-07-20T12:03:53Z" name="scenario" description="Runs Cucumber Feature" data-provider="scenarios" finished-at="2020-07-20T12:03:53Z" duration-ms="4" status="PASS">
          <params>
            <param index="0">
              <value>
                <![CDATA["In order to verify login to facebook as valid user"]]>
              </value>
            </param>
            <param index="1">
              <value>
                <![CDATA["LoginProd"]]>
              </value>
            </param>
          </params>
          <reporter-output>
          </reporter-output>
        </test-method> <!-- scenario -->
        <test-method signature="scenario(io.cucumber.testng.PickleEventWrapper, io.cucumber.testng.CucumberFeatureWrapper)[pri:0, instance:runner.RunCuke@58594a11]" started-at="2020-07-20T12:03:53Z" name="scenario" description="Runs Cucumber Feature" data-provider="scenarios" finished-at="2020-07-20T12:03:53Z" duration-ms="5" status="PASS">
          <params>
            <param index="0">
              <value>
                <![CDATA["In order to verify login to facebook as valid user"]]>
              </value>
            </param>
            <param index="1">
              <value>
                <![CDATA["LoginProd"]]>
              </value>
            </param>
          </params>
          <reporter-output>
          </reporter-output>
        </test-method> <!-- scenario -->
        <test-method is-config="true" signature="tearDownClass()[pri:0, instance:runner.RunCuke@58594a11]" started-at="2020-07-20T12:03:53Z" name="tearDownClass" finished-at="2020-07-20T12:03:54Z" duration-ms="325" status="PASS">
          <reporter-output>
          </reporter-output>
        </test-method> <!-- tearDownClass -->
      </class> <!-- runner.RunCuke -->
    </test> <!-- Test -->
  </suite> <!-- Suite -->
</testng-results>
